Analysis & Synthesis report for project
Thu Apr 07 10:31:31 2022
Quartus Prime Version 20.1.0 Build 711 06/05/2020 Patches 0.02i SJ Lite Edition


---------------------
; Table of Contents ;
---------------------
  1. Legal Notice
  2. Analysis & Synthesis Summary
  3. Analysis & Synthesis Settings
  4. Parallel Compilation
  5. Analysis & Synthesis Source Files Read
  6. Analysis & Synthesis Resource Usage Summary
  7. Analysis & Synthesis Resource Utilization by Entity
  8. General Register Statistics
  9. Inverted Register Statistics
 10. Multiplexer Restructuring Statistics (Restructuring Performed)
 11. Parameter Settings for User Entity Instance: game:g1|msclock:cl1
 12. Port Connectivity Checks: "SSDriver:ssd1"
 13. Port Connectivity Checks: "game:g1|space:sq9"
 14. Port Connectivity Checks: "game:g1|space:sq8"
 15. Port Connectivity Checks: "game:g1|space:sq7"
 16. Port Connectivity Checks: "game:g1|space:sq6"
 17. Port Connectivity Checks: "game:g1|space:sq5"
 18. Port Connectivity Checks: "game:g1|space:sq4"
 19. Port Connectivity Checks: "game:g1|space:sq3"
 20. Port Connectivity Checks: "game:g1|space:sq2"
 21. Port Connectivity Checks: "game:g1|space:sq1"
 22. Post-Synthesis Netlist Statistics for Top Partition
 23. Elapsed Time Per Partition
 24. Analysis & Synthesis Messages
 25. Analysis & Synthesis Suppressed Messages



----------------
; Legal Notice ;
----------------
Copyright (C) 2020  Intel Corporation. All rights reserved.
Your use of Intel Corporation's design tools, logic functions 
and other software and tools, and any partner logic 
functions, and any output files from any of the foregoing 
(including device programming or simulation files), and any 
associated documentation or information are expressly subject 
to the terms and conditions of the Intel Program License 
Subscription Agreement, the Intel Quartus Prime License Agreement,
the Intel FPGA IP License Agreement, or other applicable license
agreement, including, without limitation, that your use is for
the sole purpose of programming logic devices manufactured by
Intel and sold by Intel or its authorized distributors.  Please
refer to the applicable agreement for further details, at
https://fpgasoftware.intel.com/eula.



+------------------------------------------------------------------------------------------------+
; Analysis & Synthesis Summary                                                                   ;
+------------------------------------+-----------------------------------------------------------+
; Analysis & Synthesis Status        ; Successful - Thu Apr 07 10:31:31 2022                     ;
; Quartus Prime Version              ; 20.1.0 Build 711 06/05/2020 Patches 0.02i SJ Lite Edition ;
; Revision Name                      ; project                                                   ;
; Top-level Entity Name              ; top                                                       ;
; Family                             ; MAX 10                                                    ;
; Total logic elements               ; 198                                                       ;
;     Total combinational functions  ; 189                                                       ;
;     Dedicated logic registers      ; 88                                                        ;
; Total registers                    ; 88                                                        ;
; Total pins                         ; 33                                                        ;
; Total virtual pins                 ; 0                                                         ;
; Total memory bits                  ; 0                                                         ;
; Embedded Multiplier 9-bit elements ; 0                                                         ;
; Total PLLs                         ; 0                                                         ;
; UFM blocks                         ; 0                                                         ;
; ADC blocks                         ; 0                                                         ;
+------------------------------------+-----------------------------------------------------------+


+------------------------------------------------------------------------------------------------------------+
; Analysis & Synthesis Settings                                                                              ;
+------------------------------------------------------------------+--------------------+--------------------+
; Option                                                           ; Setting            ; Default Value      ;
+------------------------------------------------------------------+--------------------+--------------------+
; Device                                                           ; 10M50DAF484C6GES   ;                    ;
; Top-level entity name                                            ; top                ; project            ;
; Family name                                                      ; MAX 10             ; Cyclone V          ;
; Use smart compilation                                            ; Off                ; Off                ;
; Enable parallel Assembler and Timing Analyzer during compilation ; On                 ; On                 ;
; Enable compact report table                                      ; Off                ; Off                ;
; Restructure Multiplexers                                         ; Auto               ; Auto               ;
; Create Debugging Nodes for IP Cores                              ; Off                ; Off                ;
; Preserve fewer node names                                        ; On                 ; On                 ;
; Intel FPGA IP Evaluation Mode                                    ; Enable             ; Enable             ;
; Verilog Version                                                  ; Verilog_2001       ; Verilog_2001       ;
; VHDL Version                                                     ; VHDL_1993          ; VHDL_1993          ;
; State Machine Processing                                         ; Auto               ; Auto               ;
; Safe State Machine                                               ; Off                ; Off                ;
; Extract Verilog State Machines                                   ; On                 ; On                 ;
; Extract VHDL State Machines                                      ; On                 ; On                 ;
; Ignore Verilog initial constructs                                ; Off                ; Off                ;
; Iteration limit for constant Verilog loops                       ; 5000               ; 5000               ;
; Iteration limit for non-constant Verilog loops                   ; 250                ; 250                ;
; Add Pass-Through Logic to Inferred RAMs                          ; On                 ; On                 ;
; Infer RAMs from Raw Logic                                        ; On                 ; On                 ;
; Parallel Synthesis                                               ; On                 ; On                 ;
; DSP Block Balancing                                              ; Auto               ; Auto               ;
; NOT Gate Push-Back                                               ; On                 ; On                 ;
; Power-Up Don't Care                                              ; On                 ; On                 ;
; Remove Redundant Logic Cells                                     ; Off                ; Off                ;
; Remove Duplicate Registers                                       ; On                 ; On                 ;
; Ignore CARRY Buffers                                             ; Off                ; Off                ;
; Ignore CASCADE Buffers                                           ; Off                ; Off                ;
; Ignore GLOBAL Buffers                                            ; Off                ; Off                ;
; Ignore ROW GLOBAL Buffers                                        ; Off                ; Off                ;
; Ignore LCELL Buffers                                             ; Off                ; Off                ;
; Ignore SOFT Buffers                                              ; On                 ; On                 ;
; Limit AHDL Integers to 32 Bits                                   ; Off                ; Off                ;
; Optimization Technique                                           ; Balanced           ; Balanced           ;
; Carry Chain Length                                               ; 70                 ; 70                 ;
; Auto Carry Chains                                                ; On                 ; On                 ;
; Auto Open-Drain Pins                                             ; On                 ; On                 ;
; Perform WYSIWYG Primitive Resynthesis                            ; Off                ; Off                ;
; Auto ROM Replacement                                             ; On                 ; On                 ;
; Auto RAM Replacement                                             ; On                 ; On                 ;
; Auto DSP Block Replacement                                       ; On                 ; On                 ;
; Auto Shift Register Replacement                                  ; Auto               ; Auto               ;
; Allow Shift Register Merging across Hierarchies                  ; Auto               ; Auto               ;
; Auto Clock Enable Replacement                                    ; On                 ; On                 ;
; Strict RAM Replacement                                           ; Off                ; Off                ;
; Allow Synchronous Control Signals                                ; On                 ; On                 ;
; Force Use of Synchronous Clear Signals                           ; Off                ; Off                ;
; Auto RAM Block Balancing                                         ; On                 ; On                 ;
; Auto RAM to Logic Cell Conversion                                ; Off                ; Off                ;
; Auto Resource Sharing                                            ; Off                ; Off                ;
; Allow Any RAM Size For Recognition                               ; Off                ; Off                ;
; Allow Any ROM Size For Recognition                               ; Off                ; Off                ;
; Allow Any Shift Register Size For Recognition                    ; Off                ; Off                ;
; Use LogicLock Constraints during Resource Balancing              ; On                 ; On                 ;
; Ignore translate_off and synthesis_off directives                ; Off                ; Off                ;
; Timing-Driven Synthesis                                          ; On                 ; On                 ;
; Report Parameter Settings                                        ; On                 ; On                 ;
; Report Source Assignments                                        ; On                 ; On                 ;
; Report Connectivity Checks                                       ; On                 ; On                 ;
; Ignore Maximum Fan-Out Assignments                               ; Off                ; Off                ;
; Synchronization Register Chain Length                            ; 2                  ; 2                  ;
; Power Optimization During Synthesis                              ; Normal compilation ; Normal compilation ;
; HDL message level                                                ; Level2             ; Level2             ;
; Suppress Register Optimization Related Messages                  ; Off                ; Off                ;
; Number of Removed Registers Reported in Synthesis Report         ; 5000               ; 5000               ;
; Number of Swept Nodes Reported in Synthesis Report               ; 5000               ; 5000               ;
; Number of Inverted Registers Reported in Synthesis Report        ; 100                ; 100                ;
; Clock MUX Protection                                             ; On                 ; On                 ;
; Auto Gated Clock Conversion                                      ; Off                ; Off                ;
; Block Design Naming                                              ; Auto               ; Auto               ;
; SDC constraint protection                                        ; Off                ; Off                ;
; Synthesis Effort                                                 ; Auto               ; Auto               ;
; Shift Register Replacement - Allow Asynchronous Clear Signal     ; On                 ; On                 ;
; Pre-Mapping Resynthesis Optimization                             ; Off                ; Off                ;
; Analysis & Synthesis Message Level                               ; Medium             ; Medium             ;
; Disable Register Merging Across Hierarchies                      ; Auto               ; Auto               ;
; Resource Aware Inference For Block RAM                           ; On                 ; On                 ;
+------------------------------------------------------------------+--------------------+--------------------+


+------------------------------------------+
; Parallel Compilation                     ;
+----------------------------+-------------+
; Processors                 ; Number      ;
+----------------------------+-------------+
; Number detected on machine ; 8           ;
; Maximum allowed            ; 4           ;
;                            ;             ;
; Average used               ; 1.00        ;
; Maximum used               ; 4           ;
;                            ;             ;
; Usage by Processor         ; % Time Used ;
;     Processor 1            ; 100.0%      ;
;     Processor 2            ;   0.0%      ;
;     Processors 3-4         ;   0.0%      ;
+----------------------------+-------------+


+--------------------------------------------------------------------------------------------------------------------------------------------------+
; Analysis & Synthesis Source Files Read                                                                                                           ;
+----------------------------------+-----------------+------------------------+----------------------------------------------------------+---------+
; File Name with User-Entered Path ; Used in Netlist ; File Type              ; File Name with Absolute Path                             ; Library ;
+----------------------------------+-----------------+------------------------+----------------------------------------------------------+---------+
; vgaSync.v                        ; yes             ; User Verilog HDL File  ; C:/Users/liude/projects/Git/Verilog-TicTacToe/vgaSync.v  ;         ;
; top.v                            ; yes             ; User Verilog HDL File  ; C:/Users/liude/projects/Git/Verilog-TicTacToe/top.v      ;         ;
; SSDriver.v                       ; yes             ; User Verilog HDL File  ; C:/Users/liude/projects/Git/Verilog-TicTacToe/SSDriver.v ;         ;
; space.v                          ; yes             ; User Verilog HDL File  ; C:/Users/liude/projects/Git/Verilog-TicTacToe/space.v    ;         ;
; renderer.v                       ; yes             ; User Verilog HDL File  ; C:/Users/liude/projects/Git/Verilog-TicTacToe/renderer.v ;         ;
; game.v                           ; yes             ; User Verilog HDL File  ; C:/Users/liude/projects/Git/Verilog-TicTacToe/game.v     ;         ;
+----------------------------------+-----------------+------------------------+----------------------------------------------------------+---------+


+---------------------------------------------------------+
; Analysis & Synthesis Resource Usage Summary             ;
+---------------------------------------------+-----------+
; Resource                                    ; Usage     ;
+---------------------------------------------+-----------+
; Estimated Total logic elements              ; 198       ;
;                                             ;           ;
; Total combinational functions               ; 189       ;
; Logic element usage by number of LUT inputs ;           ;
;     -- 4 input functions                    ; 81        ;
;     -- 3 input functions                    ; 19        ;
;     -- <=2 input functions                  ; 89        ;
;                                             ;           ;
; Logic elements by mode                      ;           ;
;     -- normal mode                          ; 140       ;
;     -- arithmetic mode                      ; 49        ;
;                                             ;           ;
; Total registers                             ; 88        ;
;     -- Dedicated logic registers            ; 88        ;
;     -- I/O registers                        ; 0         ;
;                                             ;           ;
; I/O pins                                    ; 33        ;
;                                             ;           ;
; Embedded Multiplier 9-bit elements          ; 0         ;
;                                             ;           ;
; Maximum fan-out node                        ; rst~input ;
; Maximum fan-out                             ; 55        ;
; Total fan-out                               ; 900       ;
; Average fan-out                             ; 2.62      ;
+---------------------------------------------+-----------+


+----------------------------------------------------------------------------------------------------------------------------------------------------------------------------------------------------------------------------------------------+
; Analysis & Synthesis Resource Utilization by Entity                                                                                                                                                                                          ;
+----------------------------+---------------------+---------------------------+-------------+------------+--------------+---------+-----------+------+--------------+------------+-------------------------------+-------------+--------------+
; Compilation Hierarchy Node ; Combinational ALUTs ; Dedicated Logic Registers ; Memory Bits ; UFM Blocks ; DSP Elements ; DSP 9x9 ; DSP 18x18 ; Pins ; Virtual Pins ; ADC blocks ; Full Hierarchy Name           ; Entity Name ; Library Name ;
+----------------------------+---------------------+---------------------------+-------------+------------+--------------+---------+-----------+------+--------------+------------+-------------------------------+-------------+--------------+
; |top                       ; 189 (0)             ; 88 (0)                    ; 0           ; 0          ; 0            ; 0       ; 0         ; 33   ; 0            ; 0          ; |top                          ; top         ; work         ;
;    |SSDriver:ssd1|         ; 3 (3)               ; 0 (0)                     ; 0           ; 0          ; 0            ; 0       ; 0         ; 0    ; 0            ; 0          ; |top|SSDriver:ssd1            ; SSDriver    ; work         ;
;    |game:g1|               ; 146 (64)            ; 64 (13)                   ; 0           ; 0          ; 0            ; 0       ; 0         ; 0    ; 0            ; 0          ; |top|game:g1                  ; game        ; work         ;
;       |msclock:cl1|        ; 45 (45)             ; 33 (33)                   ; 0           ; 0          ; 0            ; 0       ; 0         ; 0    ; 0            ; 0          ; |top|game:g1|msclock:cl1      ; msclock     ; work         ;
;       |space:sq1|          ; 9 (9)               ; 2 (2)                     ; 0           ; 0          ; 0            ; 0       ; 0         ; 0    ; 0            ; 0          ; |top|game:g1|space:sq1        ; space       ; work         ;
;       |space:sq2|          ; 3 (3)               ; 2 (2)                     ; 0           ; 0          ; 0            ; 0       ; 0         ; 0    ; 0            ; 0          ; |top|game:g1|space:sq2        ; space       ; work         ;
;       |space:sq3|          ; 5 (5)               ; 2 (2)                     ; 0           ; 0          ; 0            ; 0       ; 0         ; 0    ; 0            ; 0          ; |top|game:g1|space:sq3        ; space       ; work         ;
;       |space:sq4|          ; 5 (5)               ; 2 (2)                     ; 0           ; 0          ; 0            ; 0       ; 0         ; 0    ; 0            ; 0          ; |top|game:g1|space:sq4        ; space       ; work         ;
;       |space:sq5|          ; 1 (1)               ; 2 (2)                     ; 0           ; 0          ; 0            ; 0       ; 0         ; 0    ; 0            ; 0          ; |top|game:g1|space:sq5        ; space       ; work         ;
;       |space:sq6|          ; 1 (1)               ; 2 (2)                     ; 0           ; 0          ; 0            ; 0       ; 0         ; 0    ; 0            ; 0          ; |top|game:g1|space:sq6        ; space       ; work         ;
;       |space:sq7|          ; 6 (6)               ; 2 (2)                     ; 0           ; 0          ; 0            ; 0       ; 0         ; 0    ; 0            ; 0          ; |top|game:g1|space:sq7        ; space       ; work         ;
;       |space:sq8|          ; 3 (3)               ; 2 (2)                     ; 0           ; 0          ; 0            ; 0       ; 0         ; 0    ; 0            ; 0          ; |top|game:g1|space:sq8        ; space       ; work         ;
;       |space:sq9|          ; 4 (4)               ; 2 (2)                     ; 0           ; 0          ; 0            ; 0       ; 0         ; 0    ; 0            ; 0          ; |top|game:g1|space:sq9        ; space       ; work         ;
;    |renderer:r1|           ; 7 (7)               ; 0 (0)                     ; 0           ; 0          ; 0            ; 0       ; 0         ; 0    ; 0            ; 0          ; |top|renderer:r1              ; renderer    ; work         ;
;    |vgaSync:vs1|           ; 33 (32)             ; 24 (23)                   ; 0           ; 0          ; 0            ; 0       ; 0         ; 0    ; 0            ; 0          ; |top|vgaSync:vs1              ; vgaSync     ; work         ;
;       |clkdiv25:cd0|       ; 1 (1)               ; 1 (1)                     ; 0           ; 0          ; 0            ; 0       ; 0         ; 0    ; 0            ; 0          ; |top|vgaSync:vs1|clkdiv25:cd0 ; clkdiv25    ; work         ;
+----------------------------+---------------------+---------------------------+-------------+------------+--------------+---------+-----------+------+--------------+------------+-------------------------------+-------------+--------------+
Note: For table entries with two numbers listed, the numbers in parentheses indicate the number of resources of the given type used by the specific entity alone. The numbers listed outside of parentheses indicate the total resources of the given type used by the specific entity and all of its sub-entities in the hierarchy.


+------------------------------------------------------+
; General Register Statistics                          ;
+----------------------------------------------+-------+
; Statistic                                    ; Value ;
+----------------------------------------------+-------+
; Total registers                              ; 88    ;
; Number of registers using Synchronous Clear  ; 52    ;
; Number of registers using Synchronous Load   ; 0     ;
; Number of registers using Asynchronous Clear ; 54    ;
; Number of registers using Asynchronous Load  ; 0     ;
; Number of registers using Clock Enable       ; 21    ;
; Number of registers using Preset             ; 0     ;
+----------------------------------------------+-------+


+--------------------------------------------------+
; Inverted Register Statistics                     ;
+----------------------------------------+---------+
; Inverted Register                      ; Fan out ;
+----------------------------------------+---------+
; game:g1|state[0]                       ; 14      ;
; game:g1|valid                          ; 2       ;
; Total number of inverted registers = 2 ;         ;
+----------------------------------------+---------+


+--------------------------------------------------------------------------------------------------------------------------------------------+
; Multiplexer Restructuring Statistics (Restructuring Performed)                                                                             ;
+--------------------+-----------+---------------+----------------------+------------------------+------------+------------------------------+
; Multiplexer Inputs ; Bus Width ; Baseline Area ; Area if Restructured ; Saving if Restructured ; Registered ; Example Multiplexer Output   ;
+--------------------+-----------+---------------+----------------------+------------------------+------------+------------------------------+
; 3:1                ; 9 bits    ; 18 LEs        ; 9 LEs                ; 9 LEs                  ; Yes        ; |top|game:g1|change[3]       ;
; 3:1                ; 10 bits   ; 20 LEs        ; 10 LEs               ; 10 LEs                 ; Yes        ; |top|vgaSync:vs1|vcounter[8] ;
; 3:1                ; 3 bits    ; 6 LEs         ; 6 LEs                ; 0 LEs                  ; No         ; |top|renderer:r1|rgb[11]     ;
; 3:1                ; 3 bits    ; 6 LEs         ; 3 LEs                ; 3 LEs                  ; No         ; |top|renderer:r1|rgb[8]      ;
; 10:1               ; 2 bits    ; 12 LEs        ; 12 LEs               ; 0 LEs                  ; No         ; |top|game:g1|mode[1]         ;
+--------------------+-----------+---------------+----------------------+------------------------+------------+------------------------------+


+---------------------------------------------------------------------+
; Parameter Settings for User Entity Instance: game:g1|msclock:cl1    ;
+----------------+----------------------------------+-----------------+
; Parameter Name ; Value                            ; Type            ;
+----------------+----------------------------------+-----------------+
; D              ; 00000000000000000110000110101000 ; Unsigned Binary ;
+----------------+----------------------------------+-----------------+
Note: In order to hide this table in the UI and the text report file, please set the "Show Parameter Settings in Synthesis Report" option in "Analysis and Synthesis Settings -> More Settings" to "Off".


+-----------------------------------------------------------------------------------------------------------------------------------------------------------------------+
; Port Connectivity Checks: "SSDriver:ssd1"                                                                                                                             ;
+--------+-------+----------+-------------------------------------------------------------------------------------------------------------------------------------------+
; Port   ; Type  ; Severity ; Details                                                                                                                                   ;
+--------+-------+----------+-------------------------------------------------------------------------------------------------------------------------------------------+
; a      ; Input ; Warning  ; Input port expression (2 bits) is smaller than the input port (4 bits) it drives.  Extra input bit(s) "a[0..1]" will be connected to GND. ;
; enable ; Input ; Info     ; Stuck at VCC                                                                                                                              ;
+--------+-------+----------+-------------------------------------------------------------------------------------------------------------------------------------------+


+--------------------------------------------------------------------------------------------------------------------------------------------------------------------------------------------------------------------+
; Port Connectivity Checks: "game:g1|space:sq9"                                                                                                                                                                      ;
+-----------+-------+----------+-------------------------------------------------------------------------------------------------------------------------------------------------------------------------------------+
; Port      ; Type  ; Severity ; Details                                                                                                                                                                             ;
+-----------+-------+----------+-------------------------------------------------------------------------------------------------------------------------------------------------------------------------------------+
; tlx       ; Input ; Warning  ; Input port expression (32 bits) is wider than the input port (10 bits) it drives.  The 22 most-significant bit(s) in the expression will be dangling if they have no other fanouts. ;
; tlx[8..7] ; Input ; Info     ; Stuck at VCC                                                                                                                                                                        ;
; tlx[6..5] ; Input ; Info     ; Stuck at GND                                                                                                                                                                        ;
; tlx[3..0] ; Input ; Info     ; Stuck at GND                                                                                                                                                                        ;
; tlx[9]    ; Input ; Info     ; Stuck at GND                                                                                                                                                                        ;
; tlx[4]    ; Input ; Info     ; Stuck at VCC                                                                                                                                                                        ;
; tly       ; Input ; Warning  ; Input port expression (32 bits) is wider than the input port (10 bits) it drives.  The 22 most-significant bit(s) in the expression will be dangling if they have no other fanouts. ;
; tly[5..0] ; Input ; Info     ; Stuck at GND                                                                                                                                                                        ;
; tly[9]    ; Input ; Info     ; Stuck at GND                                                                                                                                                                        ;
; tly[8]    ; Input ; Info     ; Stuck at VCC                                                                                                                                                                        ;
; tly[7]    ; Input ; Info     ; Stuck at GND                                                                                                                                                                        ;
; tly[6]    ; Input ; Info     ; Stuck at VCC                                                                                                                                                                        ;
; brx       ; Input ; Warning  ; Input port expression (32 bits) is wider than the input port (10 bits) it drives.  The 22 most-significant bit(s) in the expression will be dangling if they have no other fanouts. ;
; brx[8..5] ; Input ; Info     ; Stuck at GND                                                                                                                                                                        ;
; brx[3..0] ; Input ; Info     ; Stuck at GND                                                                                                                                                                        ;
; brx[9]    ; Input ; Info     ; Stuck at VCC                                                                                                                                                                        ;
; brx[4]    ; Input ; Info     ; Stuck at VCC                                                                                                                                                                        ;
; bry       ; Input ; Warning  ; Input port expression (32 bits) is wider than the input port (10 bits) it drives.  The 22 most-significant bit(s) in the expression will be dangling if they have no other fanouts. ;
; bry[8..6] ; Input ; Info     ; Stuck at VCC                                                                                                                                                                        ;
; bry[5..0] ; Input ; Info     ; Stuck at GND                                                                                                                                                                        ;
; bry[9]    ; Input ; Info     ; Stuck at GND                                                                                                                                                                        ;
+-----------+-------+----------+-------------------------------------------------------------------------------------------------------------------------------------------------------------------------------------+


+--------------------------------------------------------------------------------------------------------------------------------------------------------------------------------------------------------------------+
; Port Connectivity Checks: "game:g1|space:sq8"                                                                                                                                                                      ;
+-----------+-------+----------+-------------------------------------------------------------------------------------------------------------------------------------------------------------------------------------+
; Port      ; Type  ; Severity ; Details                                                                                                                                                                             ;
+-----------+-------+----------+-------------------------------------------------------------------------------------------------------------------------------------------------------------------------------------+
; tlx       ; Input ; Warning  ; Input port expression (32 bits) is wider than the input port (10 bits) it drives.  The 22 most-significant bit(s) in the expression will be dangling if they have no other fanouts. ;
; tlx[7..0] ; Input ; Info     ; Stuck at GND                                                                                                                                                                        ;
; tlx[9]    ; Input ; Info     ; Stuck at GND                                                                                                                                                                        ;
; tlx[8]    ; Input ; Info     ; Stuck at VCC                                                                                                                                                                        ;
; tly       ; Input ; Warning  ; Input port expression (32 bits) is wider than the input port (10 bits) it drives.  The 22 most-significant bit(s) in the expression will be dangling if they have no other fanouts. ;
; tly[5..0] ; Input ; Info     ; Stuck at GND                                                                                                                                                                        ;
; tly[9]    ; Input ; Info     ; Stuck at GND                                                                                                                                                                        ;
; tly[8]    ; Input ; Info     ; Stuck at VCC                                                                                                                                                                        ;
; tly[7]    ; Input ; Info     ; Stuck at GND                                                                                                                                                                        ;
; tly[6]    ; Input ; Info     ; Stuck at VCC                                                                                                                                                                        ;
; brx       ; Input ; Warning  ; Input port expression (32 bits) is wider than the input port (10 bits) it drives.  The 22 most-significant bit(s) in the expression will be dangling if they have no other fanouts. ;
; brx[8..7] ; Input ; Info     ; Stuck at VCC                                                                                                                                                                        ;
; brx[6..0] ; Input ; Info     ; Stuck at GND                                                                                                                                                                        ;
; brx[9]    ; Input ; Info     ; Stuck at GND                                                                                                                                                                        ;
; bry       ; Input ; Warning  ; Input port expression (32 bits) is wider than the input port (10 bits) it drives.  The 22 most-significant bit(s) in the expression will be dangling if they have no other fanouts. ;
; bry[8..6] ; Input ; Info     ; Stuck at VCC                                                                                                                                                                        ;
; bry[5..0] ; Input ; Info     ; Stuck at GND                                                                                                                                                                        ;
; bry[9]    ; Input ; Info     ; Stuck at GND                                                                                                                                                                        ;
+-----------+-------+----------+-------------------------------------------------------------------------------------------------------------------------------------------------------------------------------------+


+--------------------------------------------------------------------------------------------------------------------------------------------------------------------------------------------------------------------+
; Port Connectivity Checks: "game:g1|space:sq7"                                                                                                                                                                      ;
+-----------+-------+----------+-------------------------------------------------------------------------------------------------------------------------------------------------------------------------------------+
; Port      ; Type  ; Severity ; Details                                                                                                                                                                             ;
+-----------+-------+----------+-------------------------------------------------------------------------------------------------------------------------------------------------------------------------------------+
; tlx       ; Input ; Warning  ; Input port expression (32 bits) is wider than the input port (10 bits) it drives.  The 22 most-significant bit(s) in the expression will be dangling if they have no other fanouts. ;
; tlx[6..4] ; Input ; Info     ; Stuck at VCC                                                                                                                                                                        ;
; tlx[9..7] ; Input ; Info     ; Stuck at GND                                                                                                                                                                        ;
; tlx[3..0] ; Input ; Info     ; Stuck at GND                                                                                                                                                                        ;
; tly       ; Input ; Warning  ; Input port expression (32 bits) is wider than the input port (10 bits) it drives.  The 22 most-significant bit(s) in the expression will be dangling if they have no other fanouts. ;
; tly[5..0] ; Input ; Info     ; Stuck at GND                                                                                                                                                                        ;
; tly[9]    ; Input ; Info     ; Stuck at GND                                                                                                                                                                        ;
; tly[8]    ; Input ; Info     ; Stuck at VCC                                                                                                                                                                        ;
; tly[7]    ; Input ; Info     ; Stuck at GND                                                                                                                                                                        ;
; tly[6]    ; Input ; Info     ; Stuck at VCC                                                                                                                                                                        ;
; brx       ; Input ; Warning  ; Input port expression (32 bits) is wider than the input port (10 bits) it drives.  The 22 most-significant bit(s) in the expression will be dangling if they have no other fanouts. ;
; brx[7..4] ; Input ; Info     ; Stuck at VCC                                                                                                                                                                        ;
; brx[9..8] ; Input ; Info     ; Stuck at GND                                                                                                                                                                        ;
; brx[3..0] ; Input ; Info     ; Stuck at GND                                                                                                                                                                        ;
; bry       ; Input ; Warning  ; Input port expression (32 bits) is wider than the input port (10 bits) it drives.  The 22 most-significant bit(s) in the expression will be dangling if they have no other fanouts. ;
; bry[8..6] ; Input ; Info     ; Stuck at VCC                                                                                                                                                                        ;
; bry[5..0] ; Input ; Info     ; Stuck at GND                                                                                                                                                                        ;
; bry[9]    ; Input ; Info     ; Stuck at GND                                                                                                                                                                        ;
+-----------+-------+----------+-------------------------------------------------------------------------------------------------------------------------------------------------------------------------------------+


+--------------------------------------------------------------------------------------------------------------------------------------------------------------------------------------------------------------------+
; Port Connectivity Checks: "game:g1|space:sq6"                                                                                                                                                                      ;
+-----------+-------+----------+-------------------------------------------------------------------------------------------------------------------------------------------------------------------------------------+
; Port      ; Type  ; Severity ; Details                                                                                                                                                                             ;
+-----------+-------+----------+-------------------------------------------------------------------------------------------------------------------------------------------------------------------------------------+
; tlx       ; Input ; Warning  ; Input port expression (32 bits) is wider than the input port (10 bits) it drives.  The 22 most-significant bit(s) in the expression will be dangling if they have no other fanouts. ;
; tlx[8..7] ; Input ; Info     ; Stuck at VCC                                                                                                                                                                        ;
; tlx[6..5] ; Input ; Info     ; Stuck at GND                                                                                                                                                                        ;
; tlx[3..0] ; Input ; Info     ; Stuck at GND                                                                                                                                                                        ;
; tlx[9]    ; Input ; Info     ; Stuck at GND                                                                                                                                                                        ;
; tlx[4]    ; Input ; Info     ; Stuck at VCC                                                                                                                                                                        ;
; tly       ; Input ; Warning  ; Input port expression (32 bits) is wider than the input port (10 bits) it drives.  The 22 most-significant bit(s) in the expression will be dangling if they have no other fanouts. ;
; tly[5..4] ; Input ; Info     ; Stuck at VCC                                                                                                                                                                        ;
; tly[9..8] ; Input ; Info     ; Stuck at GND                                                                                                                                                                        ;
; tly[3..0] ; Input ; Info     ; Stuck at GND                                                                                                                                                                        ;
; tly[7]    ; Input ; Info     ; Stuck at VCC                                                                                                                                                                        ;
; tly[6]    ; Input ; Info     ; Stuck at GND                                                                                                                                                                        ;
; brx       ; Input ; Warning  ; Input port expression (32 bits) is wider than the input port (10 bits) it drives.  The 22 most-significant bit(s) in the expression will be dangling if they have no other fanouts. ;
; brx[8..5] ; Input ; Info     ; Stuck at GND                                                                                                                                                                        ;
; brx[3..0] ; Input ; Info     ; Stuck at GND                                                                                                                                                                        ;
; brx[9]    ; Input ; Info     ; Stuck at VCC                                                                                                                                                                        ;
; brx[4]    ; Input ; Info     ; Stuck at VCC                                                                                                                                                                        ;
; bry       ; Input ; Warning  ; Input port expression (32 bits) is wider than the input port (10 bits) it drives.  The 22 most-significant bit(s) in the expression will be dangling if they have no other fanouts. ;
; bry[5..4] ; Input ; Info     ; Stuck at VCC                                                                                                                                                                        ;
; bry[7..6] ; Input ; Info     ; Stuck at GND                                                                                                                                                                        ;
; bry[3..0] ; Input ; Info     ; Stuck at GND                                                                                                                                                                        ;
; bry[9]    ; Input ; Info     ; Stuck at GND                                                                                                                                                                        ;
; bry[8]    ; Input ; Info     ; Stuck at VCC                                                                                                                                                                        ;
+-----------+-------+----------+-------------------------------------------------------------------------------------------------------------------------------------------------------------------------------------+


+--------------------------------------------------------------------------------------------------------------------------------------------------------------------------------------------------------------------+
; Port Connectivity Checks: "game:g1|space:sq5"                                                                                                                                                                      ;
+-----------+-------+----------+-------------------------------------------------------------------------------------------------------------------------------------------------------------------------------------+
; Port      ; Type  ; Severity ; Details                                                                                                                                                                             ;
+-----------+-------+----------+-------------------------------------------------------------------------------------------------------------------------------------------------------------------------------------+
; tlx       ; Input ; Warning  ; Input port expression (32 bits) is wider than the input port (10 bits) it drives.  The 22 most-significant bit(s) in the expression will be dangling if they have no other fanouts. ;
; tlx[7..0] ; Input ; Info     ; Stuck at GND                                                                                                                                                                        ;
; tlx[9]    ; Input ; Info     ; Stuck at GND                                                                                                                                                                        ;
; tlx[8]    ; Input ; Info     ; Stuck at VCC                                                                                                                                                                        ;
; tly       ; Input ; Warning  ; Input port expression (32 bits) is wider than the input port (10 bits) it drives.  The 22 most-significant bit(s) in the expression will be dangling if they have no other fanouts. ;
; tly[5..4] ; Input ; Info     ; Stuck at VCC                                                                                                                                                                        ;
; tly[9..8] ; Input ; Info     ; Stuck at GND                                                                                                                                                                        ;
; tly[3..0] ; Input ; Info     ; Stuck at GND                                                                                                                                                                        ;
; tly[7]    ; Input ; Info     ; Stuck at VCC                                                                                                                                                                        ;
; tly[6]    ; Input ; Info     ; Stuck at GND                                                                                                                                                                        ;
; brx       ; Input ; Warning  ; Input port expression (32 bits) is wider than the input port (10 bits) it drives.  The 22 most-significant bit(s) in the expression will be dangling if they have no other fanouts. ;
; brx[8..7] ; Input ; Info     ; Stuck at VCC                                                                                                                                                                        ;
; brx[6..0] ; Input ; Info     ; Stuck at GND                                                                                                                                                                        ;
; brx[9]    ; Input ; Info     ; Stuck at GND                                                                                                                                                                        ;
; bry       ; Input ; Warning  ; Input port expression (32 bits) is wider than the input port (10 bits) it drives.  The 22 most-significant bit(s) in the expression will be dangling if they have no other fanouts. ;
; bry[5..4] ; Input ; Info     ; Stuck at VCC                                                                                                                                                                        ;
; bry[7..6] ; Input ; Info     ; Stuck at GND                                                                                                                                                                        ;
; bry[3..0] ; Input ; Info     ; Stuck at GND                                                                                                                                                                        ;
; bry[9]    ; Input ; Info     ; Stuck at GND                                                                                                                                                                        ;
; bry[8]    ; Input ; Info     ; Stuck at VCC                                                                                                                                                                        ;
+-----------+-------+----------+-------------------------------------------------------------------------------------------------------------------------------------------------------------------------------------+


+--------------------------------------------------------------------------------------------------------------------------------------------------------------------------------------------------------------------+
; Port Connectivity Checks: "game:g1|space:sq4"                                                                                                                                                                      ;
+-----------+-------+----------+-------------------------------------------------------------------------------------------------------------------------------------------------------------------------------------+
; Port      ; Type  ; Severity ; Details                                                                                                                                                                             ;
+-----------+-------+----------+-------------------------------------------------------------------------------------------------------------------------------------------------------------------------------------+
; tlx       ; Input ; Warning  ; Input port expression (32 bits) is wider than the input port (10 bits) it drives.  The 22 most-significant bit(s) in the expression will be dangling if they have no other fanouts. ;
; tlx[6..4] ; Input ; Info     ; Stuck at VCC                                                                                                                                                                        ;
; tlx[9..7] ; Input ; Info     ; Stuck at GND                                                                                                                                                                        ;
; tlx[3..0] ; Input ; Info     ; Stuck at GND                                                                                                                                                                        ;
; tly       ; Input ; Warning  ; Input port expression (32 bits) is wider than the input port (10 bits) it drives.  The 22 most-significant bit(s) in the expression will be dangling if they have no other fanouts. ;
; tly[5..4] ; Input ; Info     ; Stuck at VCC                                                                                                                                                                        ;
; tly[9..8] ; Input ; Info     ; Stuck at GND                                                                                                                                                                        ;
; tly[3..0] ; Input ; Info     ; Stuck at GND                                                                                                                                                                        ;
; tly[7]    ; Input ; Info     ; Stuck at VCC                                                                                                                                                                        ;
; tly[6]    ; Input ; Info     ; Stuck at GND                                                                                                                                                                        ;
; brx       ; Input ; Warning  ; Input port expression (32 bits) is wider than the input port (10 bits) it drives.  The 22 most-significant bit(s) in the expression will be dangling if they have no other fanouts. ;
; brx[7..4] ; Input ; Info     ; Stuck at VCC                                                                                                                                                                        ;
; brx[9..8] ; Input ; Info     ; Stuck at GND                                                                                                                                                                        ;
; brx[3..0] ; Input ; Info     ; Stuck at GND                                                                                                                                                                        ;
; bry       ; Input ; Warning  ; Input port expression (32 bits) is wider than the input port (10 bits) it drives.  The 22 most-significant bit(s) in the expression will be dangling if they have no other fanouts. ;
; bry[5..4] ; Input ; Info     ; Stuck at VCC                                                                                                                                                                        ;
; bry[7..6] ; Input ; Info     ; Stuck at GND                                                                                                                                                                        ;
; bry[3..0] ; Input ; Info     ; Stuck at GND                                                                                                                                                                        ;
; bry[9]    ; Input ; Info     ; Stuck at GND                                                                                                                                                                        ;
; bry[8]    ; Input ; Info     ; Stuck at VCC                                                                                                                                                                        ;
+-----------+-------+----------+-------------------------------------------------------------------------------------------------------------------------------------------------------------------------------------+


+--------------------------------------------------------------------------------------------------------------------------------------------------------------------------------------------------------------------+
; Port Connectivity Checks: "game:g1|space:sq3"                                                                                                                                                                      ;
+-----------+-------+----------+-------------------------------------------------------------------------------------------------------------------------------------------------------------------------------------+
; Port      ; Type  ; Severity ; Details                                                                                                                                                                             ;
+-----------+-------+----------+-------------------------------------------------------------------------------------------------------------------------------------------------------------------------------------+
; tlx       ; Input ; Warning  ; Input port expression (32 bits) is wider than the input port (10 bits) it drives.  The 22 most-significant bit(s) in the expression will be dangling if they have no other fanouts. ;
; tlx[8..7] ; Input ; Info     ; Stuck at VCC                                                                                                                                                                        ;
; tlx[6..5] ; Input ; Info     ; Stuck at GND                                                                                                                                                                        ;
; tlx[3..0] ; Input ; Info     ; Stuck at GND                                                                                                                                                                        ;
; tlx[9]    ; Input ; Info     ; Stuck at GND                                                                                                                                                                        ;
; tlx[4]    ; Input ; Info     ; Stuck at VCC                                                                                                                                                                        ;
; tly       ; Input ; Warning  ; Input port expression (32 bits) is wider than the input port (10 bits) it drives.  The 22 most-significant bit(s) in the expression will be dangling if they have no other fanouts. ;
; tly[9..6] ; Input ; Info     ; Stuck at GND                                                                                                                                                                        ;
; tly[4..0] ; Input ; Info     ; Stuck at GND                                                                                                                                                                        ;
; tly[5]    ; Input ; Info     ; Stuck at VCC                                                                                                                                                                        ;
; brx       ; Input ; Warning  ; Input port expression (32 bits) is wider than the input port (10 bits) it drives.  The 22 most-significant bit(s) in the expression will be dangling if they have no other fanouts. ;
; brx[8..5] ; Input ; Info     ; Stuck at GND                                                                                                                                                                        ;
; brx[3..0] ; Input ; Info     ; Stuck at GND                                                                                                                                                                        ;
; brx[9]    ; Input ; Info     ; Stuck at VCC                                                                                                                                                                        ;
; brx[4]    ; Input ; Info     ; Stuck at VCC                                                                                                                                                                        ;
; bry       ; Input ; Warning  ; Input port expression (32 bits) is wider than the input port (10 bits) it drives.  The 22 most-significant bit(s) in the expression will be dangling if they have no other fanouts. ;
; bry[9..8] ; Input ; Info     ; Stuck at GND                                                                                                                                                                        ;
; bry[4..0] ; Input ; Info     ; Stuck at GND                                                                                                                                                                        ;
; bry[7]    ; Input ; Info     ; Stuck at VCC                                                                                                                                                                        ;
; bry[6]    ; Input ; Info     ; Stuck at GND                                                                                                                                                                        ;
; bry[5]    ; Input ; Info     ; Stuck at VCC                                                                                                                                                                        ;
+-----------+-------+----------+-------------------------------------------------------------------------------------------------------------------------------------------------------------------------------------+


+--------------------------------------------------------------------------------------------------------------------------------------------------------------------------------------------------------------------+
; Port Connectivity Checks: "game:g1|space:sq2"                                                                                                                                                                      ;
+-----------+-------+----------+-------------------------------------------------------------------------------------------------------------------------------------------------------------------------------------+
; Port      ; Type  ; Severity ; Details                                                                                                                                                                             ;
+-----------+-------+----------+-------------------------------------------------------------------------------------------------------------------------------------------------------------------------------------+
; tlx       ; Input ; Warning  ; Input port expression (32 bits) is wider than the input port (10 bits) it drives.  The 22 most-significant bit(s) in the expression will be dangling if they have no other fanouts. ;
; tlx[7..0] ; Input ; Info     ; Stuck at GND                                                                                                                                                                        ;
; tlx[9]    ; Input ; Info     ; Stuck at GND                                                                                                                                                                        ;
; tlx[8]    ; Input ; Info     ; Stuck at VCC                                                                                                                                                                        ;
; tly       ; Input ; Warning  ; Input port expression (32 bits) is wider than the input port (10 bits) it drives.  The 22 most-significant bit(s) in the expression will be dangling if they have no other fanouts. ;
; tly[9..6] ; Input ; Info     ; Stuck at GND                                                                                                                                                                        ;
; tly[4..0] ; Input ; Info     ; Stuck at GND                                                                                                                                                                        ;
; tly[5]    ; Input ; Info     ; Stuck at VCC                                                                                                                                                                        ;
; brx       ; Input ; Warning  ; Input port expression (32 bits) is wider than the input port (10 bits) it drives.  The 22 most-significant bit(s) in the expression will be dangling if they have no other fanouts. ;
; brx[8..7] ; Input ; Info     ; Stuck at VCC                                                                                                                                                                        ;
; brx[6..0] ; Input ; Info     ; Stuck at GND                                                                                                                                                                        ;
; brx[9]    ; Input ; Info     ; Stuck at GND                                                                                                                                                                        ;
; bry       ; Input ; Warning  ; Input port expression (32 bits) is wider than the input port (10 bits) it drives.  The 22 most-significant bit(s) in the expression will be dangling if they have no other fanouts. ;
; bry[9..8] ; Input ; Info     ; Stuck at GND                                                                                                                                                                        ;
; bry[4..0] ; Input ; Info     ; Stuck at GND                                                                                                                                                                        ;
; bry[7]    ; Input ; Info     ; Stuck at VCC                                                                                                                                                                        ;
; bry[6]    ; Input ; Info     ; Stuck at GND                                                                                                                                                                        ;
; bry[5]    ; Input ; Info     ; Stuck at VCC                                                                                                                                                                        ;
+-----------+-------+----------+-------------------------------------------------------------------------------------------------------------------------------------------------------------------------------------+


+--------------------------------------------------------------------------------------------------------------------------------------------------------------------------------------------------------------------+
; Port Connectivity Checks: "game:g1|space:sq1"                                                                                                                                                                      ;
+-----------+-------+----------+-------------------------------------------------------------------------------------------------------------------------------------------------------------------------------------+
; Port      ; Type  ; Severity ; Details                                                                                                                                                                             ;
+-----------+-------+----------+-------------------------------------------------------------------------------------------------------------------------------------------------------------------------------------+
; tlx       ; Input ; Warning  ; Input port expression (32 bits) is wider than the input port (10 bits) it drives.  The 22 most-significant bit(s) in the expression will be dangling if they have no other fanouts. ;
; tlx[6..4] ; Input ; Info     ; Stuck at VCC                                                                                                                                                                        ;
; tlx[9..7] ; Input ; Info     ; Stuck at GND                                                                                                                                                                        ;
; tlx[3..0] ; Input ; Info     ; Stuck at GND                                                                                                                                                                        ;
; tly       ; Input ; Warning  ; Input port expression (32 bits) is wider than the input port (10 bits) it drives.  The 22 most-significant bit(s) in the expression will be dangling if they have no other fanouts. ;
; tly[9..6] ; Input ; Info     ; Stuck at GND                                                                                                                                                                        ;
; tly[4..0] ; Input ; Info     ; Stuck at GND                                                                                                                                                                        ;
; tly[5]    ; Input ; Info     ; Stuck at VCC                                                                                                                                                                        ;
; brx       ; Input ; Warning  ; Input port expression (32 bits) is wider than the input port (10 bits) it drives.  The 22 most-significant bit(s) in the expression will be dangling if they have no other fanouts. ;
; brx[7..4] ; Input ; Info     ; Stuck at VCC                                                                                                                                                                        ;
; brx[9..8] ; Input ; Info     ; Stuck at GND                                                                                                                                                                        ;
; brx[3..0] ; Input ; Info     ; Stuck at GND                                                                                                                                                                        ;
; bry       ; Input ; Warning  ; Input port expression (32 bits) is wider than the input port (10 bits) it drives.  The 22 most-significant bit(s) in the expression will be dangling if they have no other fanouts. ;
; bry[9..8] ; Input ; Info     ; Stuck at GND                                                                                                                                                                        ;
; bry[4..0] ; Input ; Info     ; Stuck at GND                                                                                                                                                                        ;
; bry[7]    ; Input ; Info     ; Stuck at VCC                                                                                                                                                                        ;
; bry[6]    ; Input ; Info     ; Stuck at GND                                                                                                                                                                        ;
; bry[5]    ; Input ; Info     ; Stuck at VCC                                                                                                                                                                        ;
+-----------+-------+----------+-------------------------------------------------------------------------------------------------------------------------------------------------------------------------------------+


+-----------------------------------------------------+
; Post-Synthesis Netlist Statistics for Top Partition ;
+-----------------------+-----------------------------+
; Type                  ; Count                       ;
+-----------------------+-----------------------------+
; boundary_port         ; 33                          ;
; cycloneiii_ff         ; 88                          ;
;     CLR               ; 23                          ;
;     CLR SCLR          ; 10                          ;
;     ENA CLR           ; 11                          ;
;     ENA CLR SCLR      ; 10                          ;
;     SCLR              ; 32                          ;
;     plain             ; 2                           ;
; cycloneiii_lcell_comb ; 192                         ;
;     arith             ; 49                          ;
;         2 data inputs ; 49                          ;
;     normal            ; 143                         ;
;         0 data inputs ; 1                           ;
;         1 data inputs ; 17                          ;
;         2 data inputs ; 25                          ;
;         3 data inputs ; 19                          ;
;         4 data inputs ; 81                          ;
;                       ;                             ;
; Max LUT depth         ; 12.00                       ;
; Average LUT depth     ; 5.06                        ;
+-----------------------+-----------------------------+


+-------------------------------+
; Elapsed Time Per Partition    ;
+----------------+--------------+
; Partition Name ; Elapsed Time ;
+----------------+--------------+
; Top            ; 00:00:01     ;
+----------------+--------------+


+-------------------------------+
; Analysis & Synthesis Messages ;
+-------------------------------+
Info: *******************************************************************
Info: Running Quartus Prime Analysis & Synthesis
    Info: Version 20.1.0 Build 711 06/05/2020 Patches 0.02i SJ Lite Edition
    Info: Processing started: Thu Apr 07 10:31:16 2022
Info: Command: quartus_map --read_settings_files=on --write_settings_files=off project -c project
Warning (18236): Number of processors has not been specified which may cause overloading on shared machines.  Set the global assignment NUM_PARALLEL_PROCESSORS in your QSF to an appropriate value for best performance.
Info (20030): Parallel compilation is enabled and will use 4 of the 4 processors detected
Info (12021): Found 2 design units, including 2 entities, in source file vgasync.v
    Info (12023): Found entity 1: vgaSync File: C:/Users/liude/projects/Git/Verilog-TicTacToe/vgaSync.v Line: 1
    Info (12023): Found entity 2: clkdiv25 File: C:/Users/liude/projects/Git/Verilog-TicTacToe/vgaSync.v Line: 73
Info (12021): Found 1 design units, including 1 entities, in source file top.v
    Info (12023): Found entity 1: top File: C:/Users/liude/projects/Git/Verilog-TicTacToe/top.v Line: 1
Info (12021): Found 1 design units, including 1 entities, in source file ssdriver.v
    Info (12023): Found entity 1: SSDriver File: C:/Users/liude/projects/Git/Verilog-TicTacToe/SSDriver.v Line: 1
Info (12021): Found 1 design units, including 1 entities, in source file space.v
    Info (12023): Found entity 1: space File: C:/Users/liude/projects/Git/Verilog-TicTacToe/space.v Line: 1
Info (12021): Found 1 design units, including 1 entities, in source file renderer.v
    Info (12023): Found entity 1: renderer File: C:/Users/liude/projects/Git/Verilog-TicTacToe/renderer.v Line: 1
Info (12021): Found 2 design units, including 2 entities, in source file game.v
    Info (12023): Found entity 1: game File: C:/Users/liude/projects/Git/Verilog-TicTacToe/game.v Line: 1
    Info (12023): Found entity 2: msclock File: C:/Users/liude/projects/Git/Verilog-TicTacToe/game.v Line: 117
Info (12127): Elaborating entity "top" for the top level hierarchy
Info (12128): Elaborating entity "vgaSync" for hierarchy "vgaSync:vs1" File: C:/Users/liude/projects/Git/Verilog-TicTacToe/top.v Line: 9
Info (12128): Elaborating entity "clkdiv25" for hierarchy "vgaSync:vs1|clkdiv25:cd0" File: C:/Users/liude/projects/Git/Verilog-TicTacToe/vgaSync.v Line: 18
Info (12128): Elaborating entity "game" for hierarchy "game:g1" File: C:/Users/liude/projects/Git/Verilog-TicTacToe/top.v Line: 12
Warning (10235): Verilog HDL Always Construct warning at game.v(39): variable "render" is read inside the Always Construct but isn't in the Always Construct's Event Control File: C:/Users/liude/projects/Git/Verilog-TicTacToe/game.v Line: 39
Warning (10235): Verilog HDL Always Construct warning at game.v(40): variable "modes" is read inside the Always Construct but isn't in the Always Construct's Event Control File: C:/Users/liude/projects/Git/Verilog-TicTacToe/game.v Line: 40
Warning (10240): Verilog HDL Always Construct warning at game.v(36): inferring latch(es) for variable "curr_lx", which holds its previous value in one or more paths through the always construct File: C:/Users/liude/projects/Git/Verilog-TicTacToe/game.v Line: 36
Warning (10240): Verilog HDL Always Construct warning at game.v(36): inferring latch(es) for variable "curr_ly", which holds its previous value in one or more paths through the always construct File: C:/Users/liude/projects/Git/Verilog-TicTacToe/game.v Line: 36
Info (10041): Inferred latch for "curr_ly[0]" at game.v(39) File: C:/Users/liude/projects/Git/Verilog-TicTacToe/game.v Line: 39
Info (10041): Inferred latch for "curr_ly[1]" at game.v(39) File: C:/Users/liude/projects/Git/Verilog-TicTacToe/game.v Line: 39
Info (10041): Inferred latch for "curr_ly[2]" at game.v(39) File: C:/Users/liude/projects/Git/Verilog-TicTacToe/game.v Line: 39
Info (10041): Inferred latch for "curr_ly[3]" at game.v(39) File: C:/Users/liude/projects/Git/Verilog-TicTacToe/game.v Line: 39
Info (10041): Inferred latch for "curr_ly[4]" at game.v(39) File: C:/Users/liude/projects/Git/Verilog-TicTacToe/game.v Line: 39
Info (10041): Inferred latch for "curr_ly[5]" at game.v(39) File: C:/Users/liude/projects/Git/Verilog-TicTacToe/game.v Line: 39
Info (10041): Inferred latch for "curr_ly[6]" at game.v(39) File: C:/Users/liude/projects/Git/Verilog-TicTacToe/game.v Line: 39
Info (10041): Inferred latch for "curr_ly[7]" at game.v(39) File: C:/Users/liude/projects/Git/Verilog-TicTacToe/game.v Line: 39
Info (10041): Inferred latch for "curr_ly[8]" at game.v(39) File: C:/Users/liude/projects/Git/Verilog-TicTacToe/game.v Line: 39
Info (10041): Inferred latch for "curr_ly[9]" at game.v(39) File: C:/Users/liude/projects/Git/Verilog-TicTacToe/game.v Line: 39
Info (10041): Inferred latch for "curr_lx[0]" at game.v(39) File: C:/Users/liude/projects/Git/Verilog-TicTacToe/game.v Line: 39
Info (10041): Inferred latch for "curr_lx[1]" at game.v(39) File: C:/Users/liude/projects/Git/Verilog-TicTacToe/game.v Line: 39
Info (10041): Inferred latch for "curr_lx[2]" at game.v(39) File: C:/Users/liude/projects/Git/Verilog-TicTacToe/game.v Line: 39
Info (10041): Inferred latch for "curr_lx[3]" at game.v(39) File: C:/Users/liude/projects/Git/Verilog-TicTacToe/game.v Line: 39
Info (10041): Inferred latch for "curr_lx[4]" at game.v(39) File: C:/Users/liude/projects/Git/Verilog-TicTacToe/game.v Line: 39
Info (10041): Inferred latch for "curr_lx[5]" at game.v(39) File: C:/Users/liude/projects/Git/Verilog-TicTacToe/game.v Line: 39
Info (10041): Inferred latch for "curr_lx[6]" at game.v(39) File: C:/Users/liude/projects/Git/Verilog-TicTacToe/game.v Line: 39
Info (10041): Inferred latch for "curr_lx[7]" at game.v(39) File: C:/Users/liude/projects/Git/Verilog-TicTacToe/game.v Line: 39
Info (10041): Inferred latch for "curr_lx[8]" at game.v(39) File: C:/Users/liude/projects/Git/Verilog-TicTacToe/game.v Line: 39
Info (10041): Inferred latch for "curr_lx[9]" at game.v(39) File: C:/Users/liude/projects/Git/Verilog-TicTacToe/game.v Line: 39
Info (12128): Elaborating entity "msclock" for hierarchy "game:g1|msclock:cl1" File: C:/Users/liude/projects/Git/Verilog-TicTacToe/game.v Line: 90
Info (12128): Elaborating entity "space" for hierarchy "game:g1|space:sq1" File: C:/Users/liude/projects/Git/Verilog-TicTacToe/game.v Line: 92
Info (12128): Elaborating entity "SSDriver" for hierarchy "SSDriver:ssd1" File: C:/Users/liude/projects/Git/Verilog-TicTacToe/top.v Line: 13
Info (12128): Elaborating entity "renderer" for hierarchy "renderer:r1" File: C:/Users/liude/projects/Git/Verilog-TicTacToe/top.v Line: 16
Warning (10235): Verilog HDL Always Construct warning at renderer.v(7): variable "blanking" is read inside the Always Construct but isn't in the Always Construct's Event Control File: C:/Users/liude/projects/Git/Verilog-TicTacToe/renderer.v Line: 7
Warning (10235): Verilog HDL Always Construct warning at renderer.v(8): variable "render" is read inside the Always Construct but isn't in the Always Construct's Event Control File: C:/Users/liude/projects/Git/Verilog-TicTacToe/renderer.v Line: 8
Warning (10235): Verilog HDL Always Construct warning at renderer.v(9): variable "mode" is read inside the Always Construct but isn't in the Always Construct's Event Control File: C:/Users/liude/projects/Git/Verilog-TicTacToe/renderer.v Line: 9
Warning (10235): Verilog HDL Always Construct warning at renderer.v(15): variable "mode" is read inside the Always Construct but isn't in the Always Construct's Event Control File: C:/Users/liude/projects/Git/Verilog-TicTacToe/renderer.v Line: 15
Warning (10235): Verilog HDL Always Construct warning at renderer.v(21): variable "mode" is read inside the Always Construct but isn't in the Always Construct's Event Control File: C:/Users/liude/projects/Git/Verilog-TicTacToe/renderer.v Line: 21
Warning (10235): Verilog HDL Always Construct warning at renderer.v(27): variable "mode" is read inside the Always Construct but isn't in the Always Construct's Event Control File: C:/Users/liude/projects/Git/Verilog-TicTacToe/renderer.v Line: 27
Warning (10235): Verilog HDL Always Construct warning at renderer.v(40): variable "highlight" is read inside the Always Construct but isn't in the Always Construct's Event Control File: C:/Users/liude/projects/Git/Verilog-TicTacToe/renderer.v Line: 40
Warning (12241): 10 hierarchies have connectivity warnings - see the Connectivity Checks report folder
Info (13000): Registers with preset signals will power-up high File: C:/Users/liude/projects/Git/Verilog-TicTacToe/game.v Line: 55
Info (13003): DEV_CLRn pin will set, and not reset, register with preset signal due to NOT Gate Push-Back
Warning (13024): Output pins are stuck at VCC or GND
    Warning (13410): Pin "ssd[5]" is stuck at GND File: C:/Users/liude/projects/Git/Verilog-TicTacToe/top.v Line: 2
Info (286030): Timing-Driven Synthesis is running
Info (144001): Generated suppressed messages file C:/Users/liude/projects/Git/Verilog-TicTacToe/output_files/project.map.smsg
Info (16010): Generating hard_block partition "hard_block:auto_generated_inst"
    Info (16011): Adding 0 node(s), including 0 DDIO, 0 PLL, 0 transceiver and 0 LCELL
Info (21057): Implemented 231 device resources after synthesis - the final resource count might be different
    Info (21058): Implemented 12 input pins
    Info (21059): Implemented 21 output pins
    Info (21061): Implemented 198 logic cells
Info: Quartus Prime Analysis & Synthesis was successful. 0 errors, 15 warnings
    Info: Peak virtual memory: 4781 megabytes
    Info: Processing ended: Thu Apr 07 10:31:31 2022
    Info: Elapsed time: 00:00:15
    Info: Total CPU time (on all processors): 00:00:30


+------------------------------------------+
; Analysis & Synthesis Suppressed Messages ;
+------------------------------------------+
The suppressed messages can be found in C:/Users/liude/projects/Git/Verilog-TicTacToe/output_files/project.map.smsg.


